生成启动时间为 2014/5/29 15:23:38。
     1>项目“E:\cocos2d-x-3.0\cocos2d-x-3.0\projects\Plane\cocos2d\cocos\2d\cocos2d.vcxproj”在节点 2 上(Build 个目标)。
     1>InitializeBuildStatus:
         正在创建“Debug.win32\libcocos2d.unsuccessfulbuild”，因为已指定“AlwaysCreate”。
       ClCompile:
         所有输出均为最新。
       PreLinkEvent:
         if not exist "E:\cocos2d-x-3.0\cocos2d-x-3.0\projects\Plane\proj.win32\Debug.win32\" mkdir "E:\cocos2d-x-3.0\cocos2d-x-3.0\projects\Plane\proj.win32\Debug.win32\"
         xcopy /Y /Q "E:\cocos2d-x-3.0\cocos2d-x-3.0\projects\Plane\cocos2d\cocos\2d\..\..\external\freetype2\prebuilt\win32\*.*" "E:\cocos2d-x-3.0\cocos2d-x-3.0\projects\Plane\proj.win32\Debug.win32\"
         xcopy /Y /Q "E:\cocos2d-x-3.0\cocos2d-x-3.0\projects\Plane\cocos2d\cocos\2d\..\..\external\glfw3\prebuilt\win32\*.*" "E:\cocos2d-x-3.0\cocos2d-x-3.0\projects\Plane\proj.win32\Debug.win32\"
         xcopy /Y /Q "E:\cocos2d-x-3.0\cocos2d-x-3.0\projects\Plane\cocos2d\cocos\2d\..\..\external\curl\prebuilt\win32\*.*" "E:\cocos2d-x-3.0\cocos2d-x-3.0\projects\Plane\proj.win32\Debug.win32\"
         xcopy /Y /Q "E:\cocos2d-x-3.0\cocos2d-x-3.0\projects\Plane\cocos2d\cocos\2d\..\..\external\jpeg\prebuilt\win32\*.*" "E:\cocos2d-x-3.0\cocos2d-x-3.0\projects\Plane\proj.win32\Debug.win32\"
         xcopy /Y /Q "E:\cocos2d-x-3.0\cocos2d-x-3.0\projects\Plane\cocos2d\cocos\2d\..\..\external\png\prebuilt\win32\*.*" "E:\cocos2d-x-3.0\cocos2d-x-3.0\projects\Plane\proj.win32\Debug.win32\"
         xcopy /Y /Q "E:\cocos2d-x-3.0\cocos2d-x-3.0\projects\Plane\cocos2d\cocos\2d\..\..\external\tiff\prebuilt\win32\*.*" "E:\cocos2d-x-3.0\cocos2d-x-3.0\projects\Plane\proj.win32\Debug.win32\"
         xcopy /Y /Q "E:\cocos2d-x-3.0\cocos2d-x-3.0\projects\Plane\cocos2d\cocos\2d\..\..\external\webp\prebuilt\win32\*.*" "E:\cocos2d-x-3.0\cocos2d-x-3.0\projects\Plane\proj.win32\Debug.win32\"
         xcopy /Y /Q "E:\cocos2d-x-3.0\cocos2d-x-3.0\projects\Plane\cocos2d\cocos\2d\..\..\external\win32-specific\zlib\prebuilt\*.*" "E:\cocos2d-x-3.0\cocos2d-x-3.0\projects\Plane\proj.win32\Debug.win32\"
         xcopy /Y /Q "E:\cocos2d-x-3.0\cocos2d-x-3.0\projects\Plane\cocos2d\cocos\2d\..\..\external\win32-specific\icon\prebuilt\*.*" "E:\cocos2d-x-3.0\cocos2d-x-3.0\projects\Plane\proj.win32\Debug.win32\"
         xcopy /Y /Q "E:\cocos2d-x-3.0\cocos2d-x-3.0\projects\Plane\cocos2d\cocos\2d\..\..\external\win32-specific\gles\prebuilt\*.*" "E:\cocos2d-x-3.0\cocos2d-x-3.0\projects\Plane\proj.win32\Debug.win32\"
         
         :VCEnd
         复制了 1 个文件
         复制了 1 个文件
         复制了 2 个文件
         复制了 1 个文件
         复制了 1 个文件
         复制了 2 个文件
         复制了 1 个文件
         复制了 2 个文件
         复制了 2 个文件
         复制了 2 个文件
       Lib:
         所有输出均为最新。
         cocos2d.vcxproj -> E:\cocos2d-x-3.0\cocos2d-x-3.0\projects\Plane\proj.win32\Debug.win32\libcocos2d.lib
       FinalizeBuildStatus:
         正在删除文件“Debug.win32\libcocos2d.unsuccessfulbuild”。
         正在对“Debug.win32\libcocos2d.lastbuildstate”执行 Touch 任务。
     1>已完成生成项目“E:\cocos2d-x-3.0\cocos2d-x-3.0\projects\Plane\cocos2d\cocos\2d\cocos2d.vcxproj”(Build 个目标)的操作。

生成成功。

已用时间 00:00:00.57
