生成启动时间为 2014/5/17 12:56:38。
     1>项目“E:\cocos2d-x-3.0\cocos2d-x-3.0\projects\Plane\cocos2d\cocos\audio\proj.win32\CocosDenshion.vcxproj”在节点 3 上(Build 个目标)。
     1>PrepareForBuild:
         正在创建目录“E:\cocos2d-x-3.0\cocos2d-x-3.0\projects\Plane\proj.win32\Debug.win32\”。
       InitializeBuildStatus:
         正在创建“Debug.win32\libAudio.unsuccessfulbuild”，因为已指定“AlwaysCreate”。
       ClCompile:
         D:\Microsoft Visual Studio 11.0\VC\bin\CL.exe /c /I"C:\Program Files\Microsoft SDKs\Windows\v7.1A\include" /I..\Include /I"E:\cocos2d-x-3.0\cocos2d-x-3.0\projects\Plane\cocos2d\cocos\2d\..\..\cocos" /I"E:\cocos2d-x-3.0\cocos2d-x-3.0\projects\Plane\cocos2d\cocos\2d\..\..\cocos\2d" /I"E:\cocos2d-x-3.0\cocos2d-x-3.0\projects\Plane\cocos2d\cocos\2d\..\..\cocos\2d\renderer" /I"E:\cocos2d-x-3.0\cocos2d-x-3.0\projects\Plane\cocos2d\cocos\2d\..\..\cocos\ui" /I"E:\cocos2d-x-3.0\cocos2d-x-3.0\projects\Plane\cocos2d\cocos\2d\..\..\cocos\base" /I"E:\cocos2d-x-3.0\cocos2d-x-3.0\projects\Plane\cocos2d\cocos\2d\..\..\cocos\physics" /I"E:\cocos2d-x-3.0\cocos2d-x-3.0\projects\Plane\cocos2d\cocos\2d\..\..\cocos\math\kazmath" /I"E:\cocos2d-x-3.0\cocos2d-x-3.0\projects\Plane\cocos2d\cocos\2d\..\..\cocos\2d\platform\win32" /I"E:\cocos2d-x-3.0\cocos2d-x-3.0\projects\Plane\cocos2d\cocos\2d\..\..\cocos\2d\platform\desktop" /I"E:\cocos2d-x-3.0\cocos2d-x-3.0\projects\Plane\cocos2d\cocos\2d\..\..\external\glfw3\include\win32" /I"E:\cocos2d-x-3.0\cocos2d-x-3.0\projects\Plane\cocos2d\cocos\2d\..\..\external\win32-specific\gles\include\OGLES" /ZI /nologo /W3 /WX- /MP /Od /Oy- /D WIN32 /D _DEBUG /D _WINDOWS /D _CRT_SECURE_NO_WARNINGS /D _VARIADIC_MAX=10 /Gm- /EHsc /RTC1 /MDd /GS /fp:precise /Zc:wchar_t /Zc:forScope /Fo"Debug.win32\\" /Fd"Debug.win32\vc110.pdb" /Gd /TP /wd4251 /analyze- /errorReport:prompt ..\win32\MciPlayer.cpp ..\win32\SimpleAudioEngine.cpp
         MciPlayer.cpp
         SimpleAudioEngine.cpp
       Lib:
         D:\Microsoft Visual Studio 11.0\VC\bin\Lib.exe /OUT:"E:\cocos2d-x-3.0\cocos2d-x-3.0\projects\Plane\proj.win32\Debug.win32\libAudio.lib" /NOLOGO Debug.win32\MciPlayer.obj
         Debug.win32\SimpleAudioEngine.obj
         CocosDenshion.vcxproj -> E:\cocos2d-x-3.0\cocos2d-x-3.0\projects\Plane\proj.win32\Debug.win32\libAudio.lib
       FinalizeBuildStatus:
         正在删除文件“Debug.win32\libAudio.unsuccessfulbuild”。
         正在对“Debug.win32\libAudio.lastbuildstate”执行 Touch 任务。
     1>已完成生成项目“E:\cocos2d-x-3.0\cocos2d-x-3.0\projects\Plane\cocos2d\cocos\audio\proj.win32\CocosDenshion.vcxproj”(Build 个目标)的操作。

生成成功。

已用时间 00:01:04.23
